Started GET "/" for ::1 at 2022-09-15 12:30:07 +0200
  [1m[35m (4.9ms)[0m  [1m[34mSELECT sqlite_version(*)[0m
  [1m[35m (0.2ms)[0m  [1m[34mSELECT "schema_migrations"."version" FROM "schema_migrations" ORDER BY "schema_migrations"."version" ASC[0m
Processing by Rails::WelcomeController#index as HTML
  Rendering /home/dejan/.rbenv/versions/3.1.1/lib/ruby/gems/3.1.0/gems/railties-6.1.4.1/lib/rails/templates/rails/welcome/index.html.erb
  Rendered /home/dejan/.rbenv/versions/3.1.1/lib/ruby/gems/3.1.0/gems/railties-6.1.4.1/lib/rails/templates/rails/welcome/index.html.erb (Duration: 25.0ms | Allocations: 450)
Completed 200 OK in 63ms (Views: 41.1ms | ActiveRecord: 0.0ms | Allocations: 3439)


Started GET "/favicon.ico" for ::1 at 2022-09-15 12:30:09 +0200
  
ActionController::RoutingError (No route matches [GET] "/favicon.ico"):
  
Started GET "/index" for ::1 at 2022-09-15 12:30:21 +0200
  
ActionController::RoutingError (No route matches [GET] "/index"):
  
Started GET "/blog_posts/new" for ::1 at 2022-09-15 12:32:31 +0200
Processing by BlogPostsController#new as HTML
  Rendering layout layouts/application.html.erb
  Rendering blog_posts/new.html.erb within layouts/application
  Rendered blog_posts/new.html.erb within layouts/application (Duration: 134.6ms | Allocations: 12531)
DEPRECATION WARNING: The asset "application.css" is not present in the asset pipeline.
Falling back to an asset that may be in the public folder.
This behavior is deprecated and will be removed.
To bypass the asset pipeline and preserve this behavior,
use the `skip_pipeline: true` option.
 (called from block in new at /home/dejan/Desktop/guides/app/controllers/blog_posts_controller.rb:24)
[Webpacker] Compiling...
[Webpacker] Compiled all packs in /home/dejan/Desktop/guides/public/packs
[Webpacker] Calling `DidYouMean::SPELL_CHECKERS.merge!(error_name => spell_checker)' has been deprecated. Please call `DidYouMean.correct_error(error_name, spell_checker)' instead.
warning package.json: No license field

[Webpacker] Hash: a75e542df6f1d06f4e98
Version: webpack 4.46.0
Time: 4498ms
Built at: 09/15/2022 12:32:50 PM
                                     Asset       Size       Chunks                         Chunk Names
    js/application-2181adcc3224cdc0c9c1.js   4.72 KiB  application  [emitted] [immutable]  application
js/application-2181adcc3224cdc0c9c1.js.map    4.5 KiB  application  [emitted] [dev]        application
                             manifest.json  364 bytes               [emitted]              
Entrypoint application = js/application-2181adcc3224cdc0c9c1.js js/application-2181adcc3224cdc0c9c1.js.map
[./app/javascript/packs/application.js] 845 bytes {application} [built]

  Rendered layout layouts/application.html.erb (Duration: 19989.4ms | Allocations: 16129)
Completed 200 OK in 20114ms (Views: 19991.5ms | ActiveRecord: 0.7ms | Allocations: 37741)


Started GET "/stylesheets/application.css" for ::1 at 2022-09-15 12:32:51 +0200
  
ActionController::RoutingError (No route matches [GET] "/stylesheets/application.css"):
  
Started POST "/blog_posts" for ::1 at 2022-09-15 12:33:02 +0200
Processing by BlogPostsController#create as HTML
  Parameters: {"utf8"=>"✓", "authenticity_token"=>"Fk3WTjU2GSxFg4I3zUazwoJyKzcySU1yArUOP7AryH89/J1HYHEK/OTy7rQpyKVsxHWsuHtVBfieMzfWU9tx7g==", "blog_post"=>{"title"=>"uu", "body"=>"uuuu"}, "commit"=>"Create Post"}
  Rendering layout layouts/application.html.erb
  Rendering blog_posts/new.html.erb within layouts/application
  Rendered blog_posts/new.html.erb within layouts/application (Duration: 13.9ms | Allocations: 4969)
DEPRECATION WARNING: The asset "application.css" is not present in the asset pipeline.
Falling back to an asset that may be in the public folder.
This behavior is deprecated and will be removed.
To bypass the asset pipeline and preserve this behavior,
use the `skip_pipeline: true` option.
 (called from create at /home/dejan/Desktop/guides/app/controllers/blog_posts_controller.rb:37)
[Webpacker] Everything's up-to-date. Nothing to do
  Rendered layout layouts/application.html.erb (Duration: 20.6ms | Allocations: 7206)
Completed 200 OK in 46ms (Views: 21.3ms | ActiveRecord: 0.0ms | Allocations: 15512)


Started GET "/stylesheets/application.css" for ::1 at 2022-09-15 12:33:03 +0200
  
ActionController::RoutingError (No route matches [GET] "/stylesheets/application.css"):
  
Started POST "/blog_posts" for ::1 at 2022-09-15 12:33:09 +0200
Processing by BlogPostsController#create as HTML
  Parameters: {"utf8"=>"✓", "authenticity_token"=>"JyVs/zk4m3TED4704BEiIGv9ZnKpKihxqDOmYP5RCOoMlCf2bH+IpGV+4ncEnzSOLfrh/eA2YPs0tZ+JHaGxew==", "blog_post"=>{"title"=>"uu", "body"=>"uuuuuuu"}, "commit"=>"Create Post"}
  Rendering layout layouts/application.html.erb
  Rendering blog_posts/new.html.erb within layouts/application
  Rendered blog_posts/new.html.erb within layouts/application (Duration: 27.1ms | Allocations: 4752)
DEPRECATION WARNING: The asset "application.css" is not present in the asset pipeline.
Falling back to an asset that may be in the public folder.
This behavior is deprecated and will be removed.
To bypass the asset pipeline and preserve this behavior,
use the `skip_pipeline: true` option.
 (called from create at /home/dejan/Desktop/guides/app/controllers/blog_posts_controller.rb:37)
[Webpacker] Everything's up-to-date. Nothing to do
  Rendered layout layouts/application.html.erb (Duration: 44.3ms | Allocations: 6882)
Completed 200 OK in 96ms (Views: 56.9ms | ActiveRecord: 0.0ms | Allocations: 9047)


Started GET "/stylesheets/application.css" for ::1 at 2022-09-15 12:33:10 +0200
  
ActionController::RoutingError (No route matches [GET] "/stylesheets/application.css"):
  
Started POST "/blog_posts" for ::1 at 2022-09-15 12:33:13 +0200
Processing by BlogPostsController#create as HTML
  Parameters: {"utf8"=>"✓", "authenticity_token"=>"YVtiTwMlv8lcADzo54OLM0BIt4ZvqmW+v0szHvx1r2VK6ilGVmKsGf1xUGsDDZ2dBk8wCSa2LTQjzQr3H4UW9A==", "blog_post"=>{"title"=>"uu", "body"=>"uuuuuuuu"}, "commit"=>"Create Post"}
  Rendering layout layouts/application.html.erb
  Rendering blog_posts/new.html.erb within layouts/application
  Rendered blog_posts/new.html.erb within layouts/application (Duration: 14.6ms | Allocations: 4780)
DEPRECATION WARNING: The asset "application.css" is not present in the asset pipeline.
Falling back to an asset that may be in the public folder.
This behavior is deprecated and will be removed.
To bypass the asset pipeline and preserve this behavior,
use the `skip_pipeline: true` option.
 (called from create at /home/dejan/Desktop/guides/app/controllers/blog_posts_controller.rb:37)
[Webpacker] Everything's up-to-date. Nothing to do
  Rendered layout layouts/application.html.erb (Duration: 27.0ms | Allocations: 6910)
Completed 200 OK in 39ms (Views: 31.1ms | ActiveRecord: 0.0ms | Allocations: 8996)


Started GET "/stylesheets/application.css" for ::1 at 2022-09-15 12:33:13 +0200
  
ActionController::RoutingError (No route matches [GET] "/stylesheets/application.css"):
  
Started POST "/blog_posts" for ::1 at 2022-09-15 12:33:19 +0200
Processing by BlogPostsController#create as HTML
  Parameters: {"utf8"=>"✓", "authenticity_token"=>"yYaxMYZ1u/ozsjhhlWzGpBrmcpK1LymjsV94ZEhfKpniN/o40zKoKpLDVOJx4tAKXOH1HfwzYSkt2UGNq6+TCA==", "blog_post"=>{"title"=>"uu", "body"=>"uuuuuuuuu"}, "commit"=>"Create Post"}
  [1m[36mTRANSACTION (0.9ms)[0m  [1m[36mbegin transaction[0m
  [1m[36mBlogPost Create (0.9ms)[0m  [1m[32mINSERT INTO "blog_posts" ("title", "body", "created_at", "updated_at") VALUES (?, ?, ?, ?)[0m  [["title", "uu"], ["body", "uuuuuuuuu"], ["created_at", "2022-09-15 10:33:19.845090"], ["updated_at", "2022-09-15 10:33:19.845090"]]
  [1m[36mTRANSACTION (71.5ms)[0m  [1m[36mcommit transaction[0m
New blog post uu.
Redirected to http://localhost:3000/blog_posts
Completed 302 Found in 104ms (ActiveRecord: 73.3ms | Allocations: 5082)


Started GET "/blog_posts" for ::1 at 2022-09-15 12:33:19 +0200
Processing by BlogPostsController#index as HTML
  [1m[35m (0.1ms)[0m  [1m[34mSELECT COUNT(*) FROM "blog_posts"[0m
  Rendering layout layouts/application.html.erb
  Rendering blog_posts/index.html.erb within layouts/application
  [1m[36mBlogPost Load (0.2ms)[0m  [1m[34mSELECT "blog_posts".* FROM "blog_posts" ORDER BY "blog_posts"."id" DESC[0m
  Rendered blog_posts/index.html.erb within layouts/application (Duration: 5.8ms | Allocations: 1655)
DEPRECATION WARNING: The asset "application.css" is not present in the asset pipeline.
Falling back to an asset that may be in the public folder.
This behavior is deprecated and will be removed.
To bypass the asset pipeline and preserve this behavior,
use the `skip_pipeline: true` option.
 (called from block in index at /home/dejan/Desktop/guides/app/controllers/blog_posts_controller.rb:58)
[Webpacker] Everything's up-to-date. Nothing to do
  Rendered layout layouts/application.html.erb (Duration: 20.4ms | Allocations: 4259)
Completed 200 OK in 26ms (Views: 22.9ms | ActiveRecord: 0.3ms | Allocations: 6613)


Started GET "/stylesheets/application.css" for ::1 at 2022-09-15 12:33:20 +0200
  
ActionController::RoutingError (No route matches [GET] "/stylesheets/application.css"):
  
Started GET "/blog_posts/5/edit" for ::1 at 2022-09-15 12:33:28 +0200
Processing by BlogPostsController#edit as HTML
  Parameters: {"id"=>"5"}
  [1m[36mBlogPost Load (0.2ms)[0m  [1m[34mSELECT "blog_posts".* FROM "blog_posts" WHERE "blog_posts"."id" = ? LIMIT ?[0m  [["id", 5], ["LIMIT", 1]]
  Rendering layout layouts/application.html.erb
  Rendering blog_posts/edit.html.erb within layouts/application
  Rendered blog_posts/edit.html.erb within layouts/application (Duration: 12.7ms | Allocations: 3378)
DEPRECATION WARNING: The asset "application.css" is not present in the asset pipeline.
Falling back to an asset that may be in the public folder.
This behavior is deprecated and will be removed.
To bypass the asset pipeline and preserve this behavior,
use the `skip_pipeline: true` option.
 (called from block in edit at /home/dejan/Desktop/guides/app/controllers/blog_posts_controller.rb:71)
[Webpacker] Everything's up-to-date. Nothing to do
  Rendered layout layouts/application.html.erb (Duration: 25.9ms | Allocations: 5614)
Completed 200 OK in 106ms (Views: 26.9ms | ActiveRecord: 0.2ms | Allocations: 16025)


Started GET "/stylesheets/application.css" for ::1 at 2022-09-15 12:33:28 +0200
  
ActionController::RoutingError (No route matches [GET] "/stylesheets/application.css"):
  
Started GET "/blog_posts/new" for ::1 at 2022-09-15 12:33:33 +0200
Processing by BlogPostsController#new as HTML
  Rendering layout layouts/application.html.erb
  Rendering blog_posts/new.html.erb within layouts/application
  Rendered blog_posts/new.html.erb within layouts/application (Duration: 59.9ms | Allocations: 2863)
DEPRECATION WARNING: The asset "application.css" is not present in the asset pipeline.
Falling back to an asset that may be in the public folder.
This behavior is deprecated and will be removed.
To bypass the asset pipeline and preserve this behavior,
use the `skip_pipeline: true` option.
 (called from block in new at /home/dejan/Desktop/guides/app/controllers/blog_posts_controller.rb:24)
[Webpacker] Everything's up-to-date. Nothing to do
  Rendered layout layouts/application.html.erb (Duration: 94.4ms | Allocations: 4997)
Completed 200 OK in 98ms (Views: 97.3ms | ActiveRecord: 0.0ms | Allocations: 5855)


Started GET "/stylesheets/application.css" for ::1 at 2022-09-15 12:33:33 +0200
  
ActionController::RoutingError (No route matches [GET] "/stylesheets/application.css"):
  
Started DELETE "/blog_posts/5" for ::1 at 2022-09-15 12:33:54 +0200
Processing by BlogPostsController#destroy as HTML
  Parameters: {"authenticity_token"=>"/HcA8ahvUtUGr5eG18NCIUm90u2CnawHD7Dd2C/Bg/wnb0P0SkM7jw2l/G04f7DMp7xbHN2Zo0RKwGExkerFyw==", "id"=>"5"}
  [1m[36mBlogPost Load (0.2ms)[0m  [1m[34mSELECT "blog_posts".* FROM "blog_posts" WHERE "blog_posts"."id" = ? LIMIT ?[0m  [["id", 5], ["LIMIT", 1]]
  [1m[36mTRANSACTION (0.1ms)[0m  [1m[36mbegin transaction[0m
  [1m[36mBlogPost Destroy (0.3ms)[0m  [1m[31mDELETE FROM "blog_posts" WHERE "blog_posts"."id" = ?[0m  [["id", 5]]
  [1m[36mTRANSACTION (78.2ms)[0m  [1m[36mcommit transaction[0m
Redirected to http://localhost:3000/blog_posts
Completed 302 Found in 135ms (ActiveRecord: 78.9ms | Allocations: 6047)


Started GET "/blog_posts" for ::1 at 2022-09-15 12:33:55 +0200
Processing by BlogPostsController#index as HTML
  [1m[35m (0.4ms)[0m  [1m[34mSELECT COUNT(*) FROM "blog_posts"[0m
  Rendering layout layouts/application.html.erb
  Rendering blog_posts/index.html.erb within layouts/application
  [1m[36mBlogPost Load (0.1ms)[0m  [1m[34mSELECT "blog_posts".* FROM "blog_posts" ORDER BY "blog_posts"."id" DESC[0m
  Rendered blog_posts/index.html.erb within layouts/application (Duration: 5.2ms | Allocations: 1068)
DEPRECATION WARNING: The asset "application.css" is not present in the asset pipeline.
Falling back to an asset that may be in the public folder.
This behavior is deprecated and will be removed.
To bypass the asset pipeline and preserve this behavior,
use the `skip_pipeline: true` option.
 (called from block in index at /home/dejan/Desktop/guides/app/controllers/blog_posts_controller.rb:58)
[Webpacker] Everything's up-to-date. Nothing to do
  Rendered layout layouts/application.html.erb (Duration: 27.2ms | Allocations: 3510)
Completed 200 OK in 32ms (Views: 29.2ms | ActiveRecord: 0.5ms | Allocations: 4145)


Started GET "/stylesheets/application.css" for ::1 at 2022-09-15 12:33:55 +0200
  
ActionController::RoutingError (No route matches [GET] "/stylesheets/application.css"):
  
